<?xml version="1.0" encoding="UTF-8"?>
<testng-results ignored="1" total="6" passed="3" failed="2" skipped="0">
  <reporter-output>
  </reporter-output>
  <suite started-at="2021-07-10T09:54:04 IST" name="inetBanking_Version0.1" finished-at="2021-07-10T09:55:14 IST" duration-ms="69438">
    <groups>
    </groups>
    <test started-at="2021-07-10T09:54:04 IST" name="Login_TestCases" finished-at="2021-07-10T09:55:14 IST" duration-ms="69438">
      <class name="com.inetBanking.testCases.AddCustomer_TC_001">
        <test-method is-config="true" signature="initialSetUp(java.lang.String)[pri:0, instance:com.inetBanking.testCases.AddCustomer_TC_001@1e6454ec]" started-at="2021-07-10T09:54:42 IST" name="initialSetUp" finished-at="2021-07-10T09:54:47 IST" duration-ms="4900" status="PASS">
          <params>
            <param index="0">
              <value>
                <![CDATA[chrome]]>
              </value>
            </param>
          </params>
          <reporter-output>
          </reporter-output>
        </test-method> <!-- initialSetUp -->
        <test-method signature="addNewCustomer()[pri:0, instance:com.inetBanking.testCases.AddCustomer_TC_001@1e6454ec]" started-at="2021-07-10T09:54:47 IST" name="addNewCustomer" finished-at="2021-07-10T09:55:13 IST" duration-ms="25348" status="PASS">
          <reporter-output>
          </reporter-output>
        </test-method> <!-- addNewCustomer -->
        <test-method is-config="true" signature="tearDown()[pri:0, instance:com.inetBanking.testCases.AddCustomer_TC_001@1e6454ec]" started-at="2021-07-10T09:55:13 IST" name="tearDown" finished-at="2021-07-10T09:55:14 IST" duration-ms="966" status="PASS">
          <reporter-output>
          </reporter-output>
        </test-method> <!-- tearDown -->
      </class> <!-- com.inetBanking.testCases.AddCustomer_TC_001 -->
      <class name="com.inetBanking.testCases.Login_TC_001">
        <test-method is-config="true" signature="initialSetUp(java.lang.String)[pri:0, instance:com.inetBanking.testCases.Login_TC_001@cad498c]" started-at="2021-07-10T09:54:04 IST" name="initialSetUp" finished-at="2021-07-10T09:54:10 IST" duration-ms="5938" status="PASS">
          <params>
            <param index="0">
              <value>
                <![CDATA[chrome]]>
              </value>
            </param>
          </params>
          <reporter-output>
          </reporter-output>
        </test-method> <!-- initialSetUp -->
        <test-method signature="loginTest2(java.lang.String, java.lang.String)[pri:0, instance:com.inetBanking.testCases.Login_TC_001@cad498c]" started-at="2021-07-10T09:54:12 IST" name="loginTest2" data-provider="Login_TestData" finished-at="2021-07-10T09:54:22 IST" duration-ms="10193" status="PASS">
          <params>
            <param index="0">
              <value>
                <![CDATA[mngr340169]]>
              </value>
            </param>
            <param index="1">
              <value>
                <![CDATA[tanuqym]]>
              </value>
            </param>
          </params>
          <reporter-output>
          </reporter-output>
        </test-method> <!-- loginTest2 -->
        <test-method signature="loginTest2(java.lang.String, java.lang.String)[pri:0, instance:com.inetBanking.testCases.Login_TC_001@cad498c]" started-at="2021-07-10T09:54:22 IST" name="loginTest2" data-provider="Login_TestData" finished-at="2021-07-10T09:54:27 IST" duration-ms="5238" status="FAIL">
          <params>
            <param index="0">
              <value>
                <![CDATA[mngr340168]]>
              </value>
            </param>
            <param index="1">
              <value>
                <![CDATA[tanuqyq]]>
              </value>
            </param>
          </params>
          <exception class="java.lang.AssertionError">
            <full-stacktrace>
              <![CDATA[java.lang.AssertionError
at org.junit.Assert.fail(Assert.java:86)
at org.junit.Assert.assertTrue(Assert.java:41)
at org.junit.Assert.assertTrue(Assert.java:52)
at com.inetBanking.testCases.Login_TC_001.loginTest2(Login_TC_001.java:97)
at java.base/jdk.internal.reflect.NativeMethodAccessorImpl.invoke0(Native Method)
at java.base/jdk.internal.reflect.NativeMethodAccessorImpl.invoke(NativeMethodAccessorImpl.java:62)
at java.base/jdk.internal.reflect.DelegatingMethodAccessorImpl.invoke(DelegatingMethodAccessorImpl.java:43)
at java.base/java.lang.reflect.Method.invoke(Method.java:566)
at org.testng.internal.MethodInvocationHelper.invokeMethod(MethodInvocationHelper.java:132)
at org.testng.internal.TestInvoker.invokeMethod(TestInvoker.java:599)
at org.testng.internal.TestInvoker.invokeTestMethod(TestInvoker.java:174)
at org.testng.internal.MethodRunner.runInSequence(MethodRunner.java:46)
at org.testng.internal.TestInvoker$MethodInvocationAgent.invoke(TestInvoker.java:822)
at org.testng.internal.TestInvoker.invokeTestMethods(TestInvoker.java:147)
at org.testng.internal.TestMethodWorker.invokeTestMethods(TestMethodWorker.java:146)
at org.testng.internal.TestMethodWorker.run(TestMethodWorker.java:128)
at java.base/java.util.ArrayList.forEach(ArrayList.java:1541)
at org.testng.TestRunner.privateRun(TestRunner.java:764)
at org.testng.TestRunner.run(TestRunner.java:585)
at org.testng.SuiteRunner.runTest(SuiteRunner.java:384)
at org.testng.SuiteRunner.runSequentially(SuiteRunner.java:378)
at org.testng.SuiteRunner.privateRun(SuiteRunner.java:337)
at org.testng.SuiteRunner.run(SuiteRunner.java:286)
at org.testng.SuiteRunnerWorker.runSuite(SuiteRunnerWorker.java:53)
at org.testng.SuiteRunnerWorker.run(SuiteRunnerWorker.java:96)
at org.testng.TestNG.runSuitesSequentially(TestNG.java:1218)
at org.testng.TestNG.runSuitesLocally(TestNG.java:1140)
at org.testng.TestNG.runSuites(TestNG.java:1069)
at org.testng.TestNG.run(TestNG.java:1037)
at org.testng.remote.AbstractRemoteTestNG.run(AbstractRemoteTestNG.java:115)
at org.testng.remote.RemoteTestNG.initAndRun(RemoteTestNG.java:251)
at org.testng.remote.RemoteTestNG.main(RemoteTestNG.java:77)
]]>
            </full-stacktrace>
          </exception> <!-- java.lang.AssertionError -->
          <reporter-output>
          </reporter-output>
        </test-method> <!-- loginTest2 -->
        <test-method signature="loginTest2(java.lang.String, java.lang.String)[pri:0, instance:com.inetBanking.testCases.Login_TC_001@cad498c]" started-at="2021-07-10T09:54:27 IST" name="loginTest2" data-provider="Login_TestData" finished-at="2021-07-10T09:54:32 IST" duration-ms="4849" status="FAIL">
          <params>
            <param index="0">
              <value>
                <![CDATA[mng40169]]>
              </value>
            </param>
            <param index="1">
              <value>
                <![CDATA[tan2ym]]>
              </value>
            </param>
          </params>
          <exception class="java.lang.AssertionError">
            <full-stacktrace>
              <![CDATA[java.lang.AssertionError
at org.junit.Assert.fail(Assert.java:86)
at org.junit.Assert.assertTrue(Assert.java:41)
at org.junit.Assert.assertTrue(Assert.java:52)
at com.inetBanking.testCases.Login_TC_001.loginTest2(Login_TC_001.java:97)
at java.base/jdk.internal.reflect.NativeMethodAccessorImpl.invoke0(Native Method)
at java.base/jdk.internal.reflect.NativeMethodAccessorImpl.invoke(NativeMethodAccessorImpl.java:62)
at java.base/jdk.internal.reflect.DelegatingMethodAccessorImpl.invoke(DelegatingMethodAccessorImpl.java:43)
at java.base/java.lang.reflect.Method.invoke(Method.java:566)
at org.testng.internal.MethodInvocationHelper.invokeMethod(MethodInvocationHelper.java:132)
at org.testng.internal.TestInvoker.invokeMethod(TestInvoker.java:599)
at org.testng.internal.TestInvoker.invokeTestMethod(TestInvoker.java:174)
at org.testng.internal.MethodRunner.runInSequence(MethodRunner.java:46)
at org.testng.internal.TestInvoker$MethodInvocationAgent.invoke(TestInvoker.java:822)
at org.testng.internal.TestInvoker.invokeTestMethods(TestInvoker.java:147)
at org.testng.internal.TestMethodWorker.invokeTestMethods(TestMethodWorker.java:146)
at org.testng.internal.TestMethodWorker.run(TestMethodWorker.java:128)
at java.base/java.util.ArrayList.forEach(ArrayList.java:1541)
at org.testng.TestRunner.privateRun(TestRunner.java:764)
at org.testng.TestRunner.run(TestRunner.java:585)
at org.testng.SuiteRunner.runTest(SuiteRunner.java:384)
at org.testng.SuiteRunner.runSequentially(SuiteRunner.java:378)
at org.testng.SuiteRunner.privateRun(SuiteRunner.java:337)
at org.testng.SuiteRunner.run(SuiteRunner.java:286)
at org.testng.SuiteRunnerWorker.runSuite(SuiteRunnerWorker.java:53)
at org.testng.SuiteRunnerWorker.run(SuiteRunnerWorker.java:96)
at org.testng.TestNG.runSuitesSequentially(TestNG.java:1218)
at org.testng.TestNG.runSuitesLocally(TestNG.java:1140)
at org.testng.TestNG.runSuites(TestNG.java:1069)
at org.testng.TestNG.run(TestNG.java:1037)
at org.testng.remote.AbstractRemoteTestNG.run(AbstractRemoteTestNG.java:115)
at org.testng.remote.RemoteTestNG.initAndRun(RemoteTestNG.java:251)
at org.testng.remote.RemoteTestNG.main(RemoteTestNG.java:77)
]]>
            </full-stacktrace>
          </exception> <!-- java.lang.AssertionError -->
          <reporter-output>
          </reporter-output>
        </test-method> <!-- loginTest2 -->
        <test-method signature="loginTest2(java.lang.String, java.lang.String)[pri:0, instance:com.inetBanking.testCases.Login_TC_001@cad498c]" started-at="2021-07-10T09:54:32 IST" name="loginTest2" data-provider="Login_TestData" finished-at="2021-07-10T09:54:42 IST" duration-ms="9489" status="PASS">
          <params>
            <param index="0">
              <value>
                <![CDATA[mngr340169]]>
              </value>
            </param>
            <param index="1">
              <value>
                <![CDATA[tanuqym]]>
              </value>
            </param>
          </params>
          <reporter-output>
          </reporter-output>
        </test-method> <!-- loginTest2 -->
        <test-method is-config="true" signature="tearDown()[pri:0, instance:com.inetBanking.testCases.Login_TC_001@cad498c]" started-at="2021-07-10T09:54:42 IST" name="tearDown" finished-at="2021-07-10T09:54:42 IST" duration-ms="849" status="PASS">
          <reporter-output>
          </reporter-output>
        </test-method> <!-- tearDown -->
      </class> <!-- com.inetBanking.testCases.Login_TC_001 -->
    </test> <!-- Login_TestCases -->
  </suite> <!-- inetBanking_Version0.1 -->
</testng-results>
